Analysis & Synthesis report for top_level
Mon Nov 20 13:37:47 2017
Quartus Prime Version 16.1.0 Build 196 10/24/2016 SJ Standard Edition


---------------------
; Table of Contents ;
---------------------
  1. Legal Notice
  2. Analysis & Synthesis Summary
  3. Analysis & Synthesis Settings
  4. Parallel Compilation
  5. Analysis & Synthesis Source Files Read
  6. Analysis & Synthesis Resource Usage Summary
  7. Analysis & Synthesis Resource Utilization by Entity
  8. Analysis & Synthesis DSP Block Usage Summary
  9. User-Specified and Inferred Latches
 10. Registers Removed During Synthesis
 11. General Register Statistics
 12. Inverted Register Statistics
 13. Multiplexer Restructuring Statistics (Restructuring Performed)
 14. Parameter Settings for User Entity Instance: Generic_synchronizer:uut_switch8bit
 15. Parameter Settings for User Entity Instance: Generic_synchronizer:uut_op2bit
 16. Parameter Settings for User Entity Instance: memory:mem_uut
 17. Parameter Settings for Inferred Entity Instance: alu:ALU_uut|lpm_divide:Div0
 18. Post-Synthesis Netlist Statistics for Top Partition
 19. Elapsed Time Per Partition
 20. Analysis & Synthesis Messages



----------------
; Legal Notice ;
----------------
Copyright (C) 2016  Intel Corporation. All rights reserved.
Your use of Intel Corporation's design tools, logic functions 
and other software and tools, and its AMPP partner logic 
functions, and any output files from any of the foregoing 
(including device programming or simulation files), and any 
associated documentation or information are expressly subject 
to the terms and conditions of the Intel Program License 
Subscription Agreement, the Intel Quartus Prime License Agreement,
the Intel MegaCore Function License Agreement, or other 
applicable license agreement, including, without limitation, 
that your use is for the sole purpose of programming logic 
devices manufactured by Intel and sold by Intel or its 
authorized distributors.  Please refer to the applicable 
agreement for further details.



+-----------------------------------------------------------------------------------+
; Analysis & Synthesis Summary                                                      ;
+---------------------------------+-------------------------------------------------+
; Analysis & Synthesis Status     ; Successful - Mon Nov 20 13:37:47 2017           ;
; Quartus Prime Version           ; 16.1.0 Build 196 10/24/2016 SJ Standard Edition ;
; Revision Name                   ; top_level                                       ;
; Top-level Entity Name           ; top_level                                       ;
; Family                          ; Cyclone V                                       ;
; Logic utilization (in ALMs)     ; N/A                                             ;
; Total registers                 ; 106                                             ;
; Total pins                      ; 41                                              ;
; Total virtual pins              ; 0                                               ;
; Total block memory bits         ; 0                                               ;
; Total DSP Blocks                ; 1                                               ;
; Total HSSI RX PCSs              ; 0                                               ;
; Total HSSI PMA RX Deserializers ; 0                                               ;
; Total HSSI TX PCSs              ; 0                                               ;
; Total HSSI PMA TX Serializers   ; 0                                               ;
; Total PLLs                      ; 0                                               ;
; Total DLLs                      ; 0                                               ;
+---------------------------------+-------------------------------------------------+


+---------------------------------------------------------------------------------------------------------------------------+
; Analysis & Synthesis Settings                                                                                             ;
+---------------------------------------------------------------------------------+--------------------+--------------------+
; Option                                                                          ; Setting            ; Default Value      ;
+---------------------------------------------------------------------------------+--------------------+--------------------+
; Device                                                                          ; 5CSEMA5F31C6       ;                    ;
; Top-level entity name                                                           ; top_level          ; top_level          ;
; Family name                                                                     ; Cyclone V          ; Cyclone V          ;
; Use smart compilation                                                           ; Off                ; Off                ;
; Enable parallel Assembler and TimeQuest Timing Analyzer during compilation      ; On                 ; On                 ;
; Enable compact report table                                                     ; Off                ; Off                ;
; Restructure Multiplexers                                                        ; Auto               ; Auto               ;
; MLAB Add Timing Constraints For Mixed-Port Feed-Through Mode Setting Don't Care ; Off                ; Off                ;
; Create Debugging Nodes for IP Cores                                             ; Off                ; Off                ;
; Preserve fewer node names                                                       ; On                 ; On                 ;
; OpenCore Plus hardware evaluation                                               ; Enable             ; Enable             ;
; Verilog Version                                                                 ; Verilog_2001       ; Verilog_2001       ;
; VHDL Version                                                                    ; VHDL_1993          ; VHDL_1993          ;
; State Machine Processing                                                        ; Auto               ; Auto               ;
; Safe State Machine                                                              ; Off                ; Off                ;
; Extract Verilog State Machines                                                  ; On                 ; On                 ;
; Extract VHDL State Machines                                                     ; On                 ; On                 ;
; Ignore Verilog initial constructs                                               ; Off                ; Off                ;
; Iteration limit for constant Verilog loops                                      ; 5000               ; 5000               ;
; Iteration limit for non-constant Verilog loops                                  ; 250                ; 250                ;
; Add Pass-Through Logic to Inferred RAMs                                         ; On                 ; On                 ;
; Infer RAMs from Raw Logic                                                       ; On                 ; On                 ;
; Parallel Synthesis                                                              ; On                 ; On                 ;
; DSP Block Balancing                                                             ; Auto               ; Auto               ;
; NOT Gate Push-Back                                                              ; On                 ; On                 ;
; Power-Up Don't Care                                                             ; On                 ; On                 ;
; Remove Redundant Logic Cells                                                    ; Off                ; Off                ;
; Remove Duplicate Registers                                                      ; On                 ; On                 ;
; Ignore CARRY Buffers                                                            ; Off                ; Off                ;
; Ignore CASCADE Buffers                                                          ; Off                ; Off                ;
; Ignore GLOBAL Buffers                                                           ; Off                ; Off                ;
; Ignore ROW GLOBAL Buffers                                                       ; Off                ; Off                ;
; Ignore LCELL Buffers                                                            ; Off                ; Off                ;
; Ignore SOFT Buffers                                                             ; On                 ; On                 ;
; Limit AHDL Integers to 32 Bits                                                  ; Off                ; Off                ;
; Optimization Technique                                                          ; Balanced           ; Balanced           ;
; Carry Chain Length                                                              ; 70                 ; 70                 ;
; Auto Carry Chains                                                               ; On                 ; On                 ;
; Auto Open-Drain Pins                                                            ; On                 ; On                 ;
; Perform WYSIWYG Primitive Resynthesis                                           ; Off                ; Off                ;
; Auto ROM Replacement                                                            ; On                 ; On                 ;
; Auto RAM Replacement                                                            ; On                 ; On                 ;
; Auto DSP Block Replacement                                                      ; On                 ; On                 ;
; Auto Shift Register Replacement                                                 ; Auto               ; Auto               ;
; Allow Shift Register Merging across Hierarchies                                 ; Auto               ; Auto               ;
; Auto Clock Enable Replacement                                                   ; On                 ; On                 ;
; Strict RAM Replacement                                                          ; Off                ; Off                ;
; Allow Synchronous Control Signals                                               ; On                 ; On                 ;
; Force Use of Synchronous Clear Signals                                          ; Off                ; Off                ;
; Auto Resource Sharing                                                           ; Off                ; Off                ;
; Allow Any RAM Size For Recognition                                              ; Off                ; Off                ;
; Allow Any ROM Size For Recognition                                              ; Off                ; Off                ;
; Allow Any Shift Register Size For Recognition                                   ; Off                ; Off                ;
; Use LogicLock Constraints during Resource Balancing                             ; On                 ; On                 ;
; Ignore translate_off and synthesis_off directives                               ; Off                ; Off                ;
; Timing-Driven Synthesis                                                         ; On                 ; On                 ;
; Report Parameter Settings                                                       ; On                 ; On                 ;
; Report Source Assignments                                                       ; On                 ; On                 ;
; Report Connectivity Checks                                                      ; On                 ; On                 ;
; Ignore Maximum Fan-Out Assignments                                              ; Off                ; Off                ;
; Synchronization Register Chain Length                                           ; 3                  ; 3                  ;
; PowerPlay Power Optimization During Synthesis                                   ; Normal compilation ; Normal compilation ;
; HDL message level                                                               ; Level2             ; Level2             ;
; Suppress Register Optimization Related Messages                                 ; Off                ; Off                ;
; Number of Removed Registers Reported in Synthesis Report                        ; 5000               ; 5000               ;
; Number of Swept Nodes Reported in Synthesis Report                              ; 5000               ; 5000               ;
; Number of Inverted Registers Reported in Synthesis Report                       ; 100                ; 100                ;
; Clock MUX Protection                                                            ; On                 ; On                 ;
; Auto Gated Clock Conversion                                                     ; Off                ; Off                ;
; Block Design Naming                                                             ; Auto               ; Auto               ;
; SDC constraint protection                                                       ; Off                ; Off                ;
; Synthesis Effort                                                                ; Auto               ; Auto               ;
; Shift Register Replacement - Allow Asynchronous Clear Signal                    ; On                 ; On                 ;
; Pre-Mapping Resynthesis Optimization                                            ; Off                ; Off                ;
; Analysis & Synthesis Message Level                                              ; Medium             ; Medium             ;
; Disable Register Merging Across Hierarchies                                     ; Auto               ; Auto               ;
; Resource Aware Inference For Block RAM                                          ; On                 ; On                 ;
; Automatic Parallel Synthesis                                                    ; On                 ; On                 ;
; Partial Reconfiguration Bitstream ID                                            ; Off                ; Off                ;
+---------------------------------------------------------------------------------+--------------------+--------------------+


+------------------------------------------+
; Parallel Compilation                     ;
+----------------------------+-------------+
; Processors                 ; Number      ;
+----------------------------+-------------+
; Number detected on machine ; 8           ;
; Maximum allowed            ; 4           ;
;                            ;             ;
; Average used               ; 1.00        ;
; Maximum used               ; 4           ;
;                            ;             ;
; Usage by Processor         ; % Time Used ;
;     Processor 1            ; 100.0%      ;
;     Processors 2-4         ;   0.0%      ;
+----------------------------+-------------+


+---------------------------------------------------------------------------------------------------------------------------------------------------------------------------+
; Analysis & Synthesis Source Files Read                                                                                                                                    ;
+----------------------------------------+-----------------+------------------------------+-----------------------------------------------------------------------+---------+
; File Name with User-Entered Path       ; Used in Netlist ; File Type                    ; File Name with Absolute Path                                          ; Library ;
+----------------------------------------+-----------------+------------------------------+-----------------------------------------------------------------------+---------+
; ../../src/ALU.vhd                      ; yes             ; User VHDL File               ; S:/cpet342/Labs/Lab6.2/src/ALU.vhd                                    ;         ;
; ../../src/rising_edge_synchronizer.vhd ; yes             ; User VHDL File               ; S:/cpet342/Labs/Lab6.2/src/rising_edge_synchronizer.vhd               ;         ;
; ../../src/seven_seg.vhd                ; yes             ; User VHDL File               ; S:/cpet342/Labs/Lab6.2/src/seven_seg.vhd                              ;         ;
; ../../src/memory.vhd                   ; yes             ; User VHDL File               ; S:/cpet342/Labs/Lab6.2/src/memory.vhd                                 ;         ;
; ../../src/Generic_synchronizer.vhd     ; yes             ; User VHDL File               ; S:/cpet342/Labs/Lab6.2/src/Generic_synchronizer.vhd                   ;         ;
; ../../src/my_components.vhd            ; yes             ; User VHDL File               ; S:/cpet342/Labs/Lab6.2/src/my_components.vhd                          ;         ;
; ../../src/top_level.vhd                ; yes             ; User VHDL File               ; S:/cpet342/Labs/Lab6.2/src/top_level.vhd                              ;         ;
; lpm_divide.tdf                         ; yes             ; Megafunction                 ; c:/intelfpga/16.1/quartus/libraries/megafunctions/lpm_divide.tdf      ;         ;
; abs_divider.inc                        ; yes             ; Megafunction                 ; c:/intelfpga/16.1/quartus/libraries/megafunctions/abs_divider.inc     ;         ;
; sign_div_unsign.inc                    ; yes             ; Megafunction                 ; c:/intelfpga/16.1/quartus/libraries/megafunctions/sign_div_unsign.inc ;         ;
; aglobal161.inc                         ; yes             ; Megafunction                 ; c:/intelfpga/16.1/quartus/libraries/megafunctions/aglobal161.inc      ;         ;
; db/lpm_divide_7dm.tdf                  ; yes             ; Auto-Generated Megafunction  ; S:/cpet342/Labs/Lab6.2/hw/project/db/lpm_divide_7dm.tdf               ;         ;
; db/sign_div_unsign_dnh.tdf             ; yes             ; Auto-Generated Megafunction  ; S:/cpet342/Labs/Lab6.2/hw/project/db/sign_div_unsign_dnh.tdf          ;         ;
; db/alt_u_div_03f.tdf                   ; yes             ; Auto-Generated Megafunction  ; S:/cpet342/Labs/Lab6.2/hw/project/db/alt_u_div_03f.tdf                ;         ;
+----------------------------------------+-----------------+------------------------------+-----------------------------------------------------------------------+---------+


+---------------------------------------------------------+
; Analysis & Synthesis Resource Usage Summary             ;
+---------------------------------------------+-----------+
; Resource                                    ; Usage     ;
+---------------------------------------------+-----------+
; Estimate of Logic utilization (ALMs needed) ; 208       ;
;                                             ;           ;
; Combinational ALUT usage for logic          ; 386       ;
;     -- 7 input functions                    ; 0         ;
;     -- 6 input functions                    ; 8         ;
;     -- 5 input functions                    ; 59        ;
;     -- 4 input functions                    ; 132       ;
;     -- <=3 input functions                  ; 187       ;
;                                             ;           ;
; Dedicated logic registers                   ; 106       ;
;                                             ;           ;
; I/O pins                                    ; 41        ;
;                                             ;           ;
; Total DSP Blocks                            ; 1         ;
;                                             ;           ;
; Maximum fan-out node                        ; clk~input ;
; Maximum fan-out                             ; 106       ;
; Total fan-out                               ; 1835      ;
; Average fan-out                             ; 3.19      ;
+---------------------------------------------+-----------+


+---------------------------------------------------------------------------------------------------------------------------------------------------------------------------------------------------------------------------------------------------------------------------------------------------------------------------+
; Analysis & Synthesis Resource Utilization by Entity                                                                                                                                                                                                                                                                       ;
+-----------------------------------------------+---------------------+---------------------------+-------------------+------------+------+--------------+------------------------------------------------------------------------------------------------------------------------+--------------------------+--------------+
; Compilation Hierarchy Node                    ; Combinational ALUTs ; Dedicated Logic Registers ; Block Memory Bits ; DSP Blocks ; Pins ; Virtual Pins ; Full Hierarchy Name                                                                                                    ; Entity Name              ; Library Name ;
+-----------------------------------------------+---------------------+---------------------------+-------------------+------------+------+--------------+------------------------------------------------------------------------------------------------------------------------+--------------------------+--------------+
; |top_level                                    ; 386 (24)            ; 106 (13)                  ; 0                 ; 1          ; 41   ; 0            ; |top_level                                                                                                             ; top_level                ; work         ;
;    |Generic_synchronizer:uut_op2bit|          ; 0 (0)               ; 4 (4)                     ; 0                 ; 0          ; 0    ; 0            ; |top_level|Generic_synchronizer:uut_op2bit                                                                             ; Generic_synchronizer     ; work         ;
;    |Generic_synchronizer:uut_switch8bit|      ; 0 (0)               ; 16 (16)                   ; 0                 ; 0          ; 0    ; 0            ; |top_level|Generic_synchronizer:uut_switch8bit                                                                         ; Generic_synchronizer     ; work         ;
;    |alu:ALU_uut|                              ; 329 (18)            ; 16 (16)                   ; 0                 ; 1          ; 0    ; 0            ; |top_level|alu:ALU_uut                                                                                                 ; alu                      ; work         ;
;       |lpm_divide:Div0|                       ; 311 (0)             ; 0 (0)                     ; 0                 ; 0          ; 0    ; 0            ; |top_level|alu:ALU_uut|lpm_divide:Div0                                                                                 ; lpm_divide               ; work         ;
;          |lpm_divide_7dm:auto_generated|      ; 311 (0)             ; 0 (0)                     ; 0                 ; 0          ; 0    ; 0            ; |top_level|alu:ALU_uut|lpm_divide:Div0|lpm_divide_7dm:auto_generated                                                   ; lpm_divide_7dm           ; work         ;
;             |sign_div_unsign_dnh:divider|     ; 311 (0)             ; 0 (0)                     ; 0                 ; 0          ; 0    ; 0            ; |top_level|alu:ALU_uut|lpm_divide:Div0|lpm_divide_7dm:auto_generated|sign_div_unsign_dnh:divider                       ; sign_div_unsign_dnh      ; work         ;
;                |alt_u_div_03f:divider|        ; 311 (311)           ; 0 (0)                     ; 0                 ; 0          ; 0    ; 0            ; |top_level|alu:ALU_uut|lpm_divide:Div0|lpm_divide_7dm:auto_generated|sign_div_unsign_dnh:divider|alt_u_div_03f:divider ; alt_u_div_03f            ; work         ;
;    |memory:mem_uut|                           ; 10 (10)             ; 24 (24)                   ; 0                 ; 0          ; 0    ; 0            ; |top_level|memory:mem_uut                                                                                              ; memory                   ; work         ;
;    |rising_edge_synchronizer:uut_execButton1| ; 2 (2)               ; 4 (4)                     ; 0                 ; 0          ; 0    ; 0            ; |top_level|rising_edge_synchronizer:uut_execButton1                                                                    ; rising_edge_synchronizer ; work         ;
;    |rising_edge_synchronizer:uut_execButton2| ; 2 (2)               ; 4 (4)                     ; 0                 ; 0          ; 0    ; 0            ; |top_level|rising_edge_synchronizer:uut_execButton2                                                                    ; rising_edge_synchronizer ; work         ;
;    |rising_edge_synchronizer:uut_execButton3| ; 2 (2)               ; 4 (4)                     ; 0                 ; 0          ; 0    ; 0            ; |top_level|rising_edge_synchronizer:uut_execButton3                                                                    ; rising_edge_synchronizer ; work         ;
;    |seven_seg:uutss_0|                        ; 7 (7)               ; 7 (7)                     ; 0                 ; 0          ; 0    ; 0            ; |top_level|seven_seg:uutss_0                                                                                           ; seven_seg                ; work         ;
;    |seven_seg:uutss_1|                        ; 7 (7)               ; 7 (7)                     ; 0                 ; 0          ; 0    ; 0            ; |top_level|seven_seg:uutss_1                                                                                           ; seven_seg                ; work         ;
;    |seven_seg:uutss_2|                        ; 3 (3)               ; 7 (7)                     ; 0                 ; 0          ; 0    ; 0            ; |top_level|seven_seg:uutss_2                                                                                           ; seven_seg                ; work         ;
+-----------------------------------------------+---------------------+---------------------------+-------------------+------------+------+--------------+------------------------------------------------------------------------------------------------------------------------+--------------------------+--------------+
Note: For table entries with two numbers listed, the numbers in parentheses indicate the number of resources of the given type used by the specific entity alone. The numbers listed outside of parentheses indicate the total resources of the given type used by the specific entity and all of its sub-entities in the hierarchy.


+-----------------------------------------------+
; Analysis & Synthesis DSP Block Usage Summary  ;
+---------------------------------+-------------+
; Statistic                       ; Number Used ;
+---------------------------------+-------------+
; Independent 9x9                 ; 1           ;
; Total number of DSP blocks      ; 1           ;
;                                 ;             ;
; Fixed Point Unsigned Multiplier ; 1           ;
+---------------------------------+-------------+


+---------------------------------------------------------------------------------------------------+
; User-Specified and Inferred Latches                                                               ;
+----------------------------------------------------+---------------------+------------------------+
; Latch Name                                         ; Latch Enable Signal ; Free of Timing Hazards ;
+----------------------------------------------------+---------------------+------------------------+
; addr[0]                                            ; Mux7                ; yes                    ;
; write_enable                                       ; Mux7                ; yes                    ;
; Number of user-specified and inferred latches = 2  ;                     ;                        ;
+----------------------------------------------------+---------------------+------------------------+
Note: All latches listed above may not be present at the end of synthesis due to various synthesis optimizations.


+-------------------------------------------------------------+
; Registers Removed During Synthesis                          ;
+----------------------------------------+--------------------+
; Register name                          ; Reason for Removal ;
+----------------------------------------+--------------------+
; memory:mem_uut|RAM~27                  ; Lost fanout        ;
; memory:mem_uut|RAM~28                  ; Lost fanout        ;
; memory:mem_uut|RAM~29                  ; Lost fanout        ;
; memory:mem_uut|RAM~30                  ; Lost fanout        ;
; memory:mem_uut|RAM~31                  ; Lost fanout        ;
; memory:mem_uut|RAM~32                  ; Lost fanout        ;
; memory:mem_uut|RAM~33                  ; Lost fanout        ;
; memory:mem_uut|RAM~34                  ; Lost fanout        ;
; memory:mem_uut|RAM~35                  ; Lost fanout        ;
; memory:mem_uut|RAM~36                  ; Lost fanout        ;
; memory:mem_uut|RAM~37                  ; Lost fanout        ;
; memory:mem_uut|RAM~38                  ; Lost fanout        ;
; memory:mem_uut|RAM~39                  ; Lost fanout        ;
; memory:mem_uut|RAM~40                  ; Lost fanout        ;
; memory:mem_uut|RAM~41                  ; Lost fanout        ;
; memory:mem_uut|RAM~42                  ; Lost fanout        ;
; Total Number of Removed Registers = 16 ;                    ;
+----------------------------------------+--------------------+


+------------------------------------------------------+
; General Register Statistics                          ;
+----------------------------------------------+-------+
; Statistic                                    ; Value ;
+----------------------------------------------+-------+
; Total registers                              ; 106   ;
; Number of registers using Synchronous Clear  ; 0     ;
; Number of registers using Synchronous Load   ; 16    ;
; Number of registers using Asynchronous Clear ; 74    ;
; Number of registers using Asynchronous Load  ; 0     ;
; Number of registers using Clock Enable       ; 32    ;
; Number of registers using Preset             ; 0     ;
+----------------------------------------------+-------+


+--------------------------------------------------------------+
; Inverted Register Statistics                                 ;
+----------------------------------------------------+---------+
; Inverted Register                                  ; Fan out ;
+----------------------------------------------------+---------+
; seven_seg:uutss_0|seven_seg[0]                     ; 1       ;
; seven_seg:uutss_0|seven_seg[1]                     ; 1       ;
; seven_seg:uutss_0|seven_seg[2]                     ; 1       ;
; seven_seg:uutss_0|seven_seg[3]                     ; 1       ;
; seven_seg:uutss_0|seven_seg[4]                     ; 1       ;
; seven_seg:uutss_0|seven_seg[5]                     ; 1       ;
; seven_seg:uutss_0|seven_seg[6]                     ; 1       ;
; seven_seg:uutss_1|seven_seg[0]                     ; 1       ;
; seven_seg:uutss_1|seven_seg[1]                     ; 1       ;
; seven_seg:uutss_1|seven_seg[2]                     ; 1       ;
; seven_seg:uutss_1|seven_seg[3]                     ; 1       ;
; seven_seg:uutss_1|seven_seg[4]                     ; 1       ;
; seven_seg:uutss_1|seven_seg[5]                     ; 1       ;
; seven_seg:uutss_1|seven_seg[6]                     ; 1       ;
; seven_seg:uutss_2|seven_seg[0]                     ; 1       ;
; seven_seg:uutss_2|seven_seg[1]                     ; 1       ;
; seven_seg:uutss_2|seven_seg[2]                     ; 1       ;
; seven_seg:uutss_2|seven_seg[3]                     ; 1       ;
; seven_seg:uutss_2|seven_seg[4]                     ; 1       ;
; seven_seg:uutss_2|seven_seg[5]                     ; 1       ;
; seven_seg:uutss_2|seven_seg[6]                     ; 1       ;
; state_reg[0]                                       ; 9       ;
; rising_edge_synchronizer:uut_execButton1|input_zz  ; 2       ;
; rising_edge_synchronizer:uut_execButton1|input_zzz ; 1       ;
; rising_edge_synchronizer:uut_execButton2|input_zz  ; 2       ;
; rising_edge_synchronizer:uut_execButton2|input_zzz ; 1       ;
; rising_edge_synchronizer:uut_execButton3|input_zz  ; 2       ;
; rising_edge_synchronizer:uut_execButton3|input_zzz ; 1       ;
; rising_edge_synchronizer:uut_execButton1|input_z   ; 1       ;
; rising_edge_synchronizer:uut_execButton2|input_z   ; 1       ;
; rising_edge_synchronizer:uut_execButton3|input_z   ; 1       ;
; Total number of inverted registers = 31            ;         ;
+----------------------------------------------------+---------+


+-----------------------------------------------------------------------------------------------------------------------------------------------------+
; Multiplexer Restructuring Statistics (Restructuring Performed)                                                                                      ;
+--------------------+-----------+---------------+----------------------+------------------------+------------+---------------------------------------+
; Multiplexer Inputs ; Bus Width ; Baseline Area ; Area if Restructured ; Saving if Restructured ; Registered ; Example Multiplexer Output            ;
+--------------------+-----------+---------------+----------------------+------------------------+------------+---------------------------------------+
; 3:1                ; 8 bits    ; 16 LEs        ; 0 LEs                ; 16 LEs                 ; Yes        ; |top_level|output[5]                  ;
; 3:1                ; 8 bits    ; 16 LEs        ; 8 LEs                ; 8 LEs                  ; Yes        ; |top_level|alu:ALU_uut|result_temp[0] ;
; 36:1               ; 4 bits    ; 96 LEs        ; 28 LEs               ; 68 LEs                 ; Yes        ; |top_level|state_reg[4]               ;
+--------------------+-----------+---------------+----------------------+------------------------+------------+---------------------------------------+


+----------------------------------------------------------------------------------+
; Parameter Settings for User Entity Instance: Generic_synchronizer:uut_switch8bit ;
+----------------+-------+---------------------------------------------------------+
; Parameter Name ; Value ; Type                                                    ;
+----------------+-------+---------------------------------------------------------+
; bits           ; 8     ; Signed Integer                                          ;
+----------------+-------+---------------------------------------------------------+
Note: In order to hide this table in the UI and the text report file, please set the "Show Parameter Settings in Synthesis Report" option in "Analysis and Synthesis Settings -> More Settings" to "Off".


+------------------------------------------------------------------------------+
; Parameter Settings for User Entity Instance: Generic_synchronizer:uut_op2bit ;
+----------------+-------+-----------------------------------------------------+
; Parameter Name ; Value ; Type                                                ;
+----------------+-------+-----------------------------------------------------+
; bits           ; 2     ; Signed Integer                                      ;
+----------------+-------+-----------------------------------------------------+
Note: In order to hide this table in the UI and the text report file, please set the "Show Parameter Settings in Synthesis Report" option in "Analysis and Synthesis Settings -> More Settings" to "Off".


+-------------------------------------------------------------+
; Parameter Settings for User Entity Instance: memory:mem_uut ;
+----------------+-------+------------------------------------+
; Parameter Name ; Value ; Type                               ;
+----------------+-------+------------------------------------+
; addr_width     ; 2     ; Signed Integer                     ;
; data_width     ; 8     ; Signed Integer                     ;
+----------------+-------+------------------------------------+
Note: In order to hide this table in the UI and the text report file, please set the "Show Parameter Settings in Synthesis Report" option in "Analysis and Synthesis Settings -> More Settings" to "Off".


+------------------------------------------------------------------------------+
; Parameter Settings for Inferred Entity Instance: alu:ALU_uut|lpm_divide:Div0 ;
+------------------------+----------------+------------------------------------+
; Parameter Name         ; Value          ; Type                               ;
+------------------------+----------------+------------------------------------+
; LPM_WIDTHN             ; 16             ; Untyped                            ;
; LPM_WIDTHD             ; 16             ; Untyped                            ;
; LPM_NREPRESENTATION    ; UNSIGNED       ; Untyped                            ;
; LPM_DREPRESENTATION    ; UNSIGNED       ; Untyped                            ;
; LPM_PIPELINE           ; 0              ; Untyped                            ;
; LPM_REMAINDERPOSITIVE  ; TRUE           ; Untyped                            ;
; MAXIMIZE_SPEED         ; 5              ; Untyped                            ;
; CBXI_PARAMETER         ; lpm_divide_7dm ; Untyped                            ;
; CARRY_CHAIN            ; MANUAL         ; Untyped                            ;
; OPTIMIZE_FOR_SPEED     ; 5              ; Untyped                            ;
; AUTO_CARRY_CHAINS      ; ON             ; AUTO_CARRY                         ;
; IGNORE_CARRY_BUFFERS   ; OFF            ; IGNORE_CARRY                       ;
; AUTO_CASCADE_CHAINS    ; ON             ; AUTO_CASCADE                       ;
; IGNORE_CASCADE_BUFFERS ; OFF            ; IGNORE_CASCADE                     ;
+------------------------+----------------+------------------------------------+
Note: In order to hide this table in the UI and the text report file, please set the "Show Parameter Settings in Synthesis Report" option in "Analysis and Synthesis Settings -> More Settings" to "Off".


+-----------------------------------------------------+
; Post-Synthesis Netlist Statistics for Top Partition ;
+-----------------------+-----------------------------+
; Type                  ; Count                       ;
+-----------------------+-----------------------------+
; arriav_ff             ; 106                         ;
;     CLR               ; 58                          ;
;     CLR SLD           ; 8                           ;
;     ENA               ; 24                          ;
;     ENA CLR SLD       ; 8                           ;
;     plain             ; 8                           ;
; arriav_lcell_comb     ; 408                         ;
;     arith             ; 167                         ;
;         0 data inputs ; 23                          ;
;         1 data inputs ; 8                           ;
;         2 data inputs ; 12                          ;
;         3 data inputs ; 14                          ;
;         4 data inputs ; 69                          ;
;         5 data inputs ; 41                          ;
;     normal            ; 241                         ;
;         1 data inputs ; 25                          ;
;         2 data inputs ; 77                          ;
;         3 data inputs ; 50                          ;
;         4 data inputs ; 63                          ;
;         5 data inputs ; 18                          ;
;         6 data inputs ; 8                           ;
; arriav_mac            ; 1                           ;
; boundary_port         ; 41                          ;
;                       ;                             ;
; Max LUT depth         ; 31.00                       ;
; Average LUT depth     ; 19.80                       ;
+-----------------------+-----------------------------+


+-------------------------------+
; Elapsed Time Per Partition    ;
+----------------+--------------+
; Partition Name ; Elapsed Time ;
+----------------+--------------+
; Top            ; 00:00:02     ;
+----------------+--------------+


+-------------------------------+
; Analysis & Synthesis Messages ;
+-------------------------------+
Info: *******************************************************************
Info: Running Quartus Prime Analysis & Synthesis
    Info: Version 16.1.0 Build 196 10/24/2016 SJ Standard Edition
    Info: Processing started: Mon Nov 20 13:37:34 2017
Info: Command: quartus_map --read_settings_files=on --write_settings_files=off top_level -c top_level
Warning (18236): Number of processors has not been specified which may cause overloading on shared machines.  Set the global assignment NUM_PARALLEL_PROCESSORS in your QSF to an appropriate value for best performance.
Info (20030): Parallel compilation is enabled and will use 4 of the 4 processors detected
Info (12021): Found 2 design units, including 1 entities, in source file /cpet342/labs/lab6.2/src/alu.vhd
    Info (12022): Found design unit 1: alu-beh File: S:/cpet342/Labs/Lab6.2/src/ALU.vhd Line: 19
    Info (12023): Found entity 1: alu File: S:/cpet342/Labs/Lab6.2/src/ALU.vhd Line: 8
Info (12021): Found 2 design units, including 1 entities, in source file /cpet342/labs/lab6.2/src/rising_edge_synchronizer.vhd
    Info (12022): Found design unit 1: rising_edge_synchronizer-beh File: S:/cpet342/Labs/Lab6.2/src/rising_edge_synchronizer.vhd Line: 17
    Info (12023): Found entity 1: rising_edge_synchronizer File: S:/cpet342/Labs/Lab6.2/src/rising_edge_synchronizer.vhd Line: 8
Info (12021): Found 2 design units, including 1 entities, in source file /cpet342/labs/lab6.2/src/seven_seg.vhd
    Info (12022): Found design unit 1: seven_seg-structure File: S:/cpet342/Labs/Lab6.2/src/seven_seg.vhd Line: 16
    Info (12023): Found entity 1: seven_seg File: S:/cpet342/Labs/Lab6.2/src/seven_seg.vhd Line: 7
Info (12021): Found 2 design units, including 1 entities, in source file /cpet342/labs/lab6.2/src/memory.vhd
    Info (12022): Found design unit 1: memory-beh File: S:/cpet342/Labs/Lab6.2/src/memory.vhd Line: 21
    Info (12023): Found entity 1: memory File: S:/cpet342/Labs/Lab6.2/src/memory.vhd Line: 9
Info (12021): Found 2 design units, including 1 entities, in source file /cpet342/labs/lab6.2/src/generic_synchronizer.vhd
    Info (12022): Found design unit 1: Generic_synchronizer-beh File: S:/cpet342/Labs/Lab6.2/src/Generic_synchronizer.vhd Line: 21
    Info (12023): Found entity 1: Generic_synchronizer File: S:/cpet342/Labs/Lab6.2/src/Generic_synchronizer.vhd Line: 9
Info (12021): Found 1 design units, including 0 entities, in source file /cpet342/labs/lab6.2/src/my_components.vhd
    Info (12022): Found design unit 1: my_components File: S:/cpet342/Labs/Lab6.2/src/my_components.vhd Line: 10
Info (12021): Found 2 design units, including 1 entities, in source file /cpet342/labs/lab6.2/src/top_level.vhd
    Info (12022): Found design unit 1: top_level-structure File: S:/cpet342/Labs/Lab6.2/src/top_level.vhd Line: 23
    Info (12023): Found entity 1: top_level File: S:/cpet342/Labs/Lab6.2/src/top_level.vhd Line: 9
Info (12127): Elaborating entity "top_level" for the top level hierarchy
Warning (10631): VHDL Process Statement warning at top_level.vhd(231): inferring latch(es) for signal or variable "write_enable", which holds its previous value in one or more paths through the process File: S:/cpet342/Labs/Lab6.2/src/top_level.vhd Line: 231
Warning (10631): VHDL Process Statement warning at top_level.vhd(231): inferring latch(es) for signal or variable "addr", which holds its previous value in one or more paths through the process File: S:/cpet342/Labs/Lab6.2/src/top_level.vhd Line: 231
Info (10041): Inferred latch for "addr[0]" at top_level.vhd(231) File: S:/cpet342/Labs/Lab6.2/src/top_level.vhd Line: 231
Info (10041): Inferred latch for "addr[1]" at top_level.vhd(231) File: S:/cpet342/Labs/Lab6.2/src/top_level.vhd Line: 231
Info (10041): Inferred latch for "write_enable" at top_level.vhd(231) File: S:/cpet342/Labs/Lab6.2/src/top_level.vhd Line: 231
Info (12128): Elaborating entity "rising_edge_synchronizer" for hierarchy "rising_edge_synchronizer:uut_execButton1" File: S:/cpet342/Labs/Lab6.2/src/top_level.vhd Line: 127
Info (12128): Elaborating entity "Generic_synchronizer" for hierarchy "Generic_synchronizer:uut_switch8bit" File: S:/cpet342/Labs/Lab6.2/src/top_level.vhd Line: 152
Info (12128): Elaborating entity "Generic_synchronizer" for hierarchy "Generic_synchronizer:uut_op2bit" File: S:/cpet342/Labs/Lab6.2/src/top_level.vhd Line: 163
Info (12128): Elaborating entity "seven_seg" for hierarchy "seven_seg:uutss_0" File: S:/cpet342/Labs/Lab6.2/src/top_level.vhd Line: 174
Info (12128): Elaborating entity "alu" for hierarchy "alu:ALU_uut" File: S:/cpet342/Labs/Lab6.2/src/top_level.vhd Line: 198
Info (12128): Elaborating entity "memory" for hierarchy "memory:mem_uut" File: S:/cpet342/Labs/Lab6.2/src/top_level.vhd Line: 209
Info (276014): Found 1 instances of uninferred RAM logic
    Info (276004): RAM logic "memory:mem_uut|RAM" is uninferred due to inappropriate RAM size File: S:/cpet342/Labs/Lab6.2/src/memory.vhd Line: 24
Info (278001): Inferred 1 megafunctions from design logic
    Info (278004): Inferred divider/modulo megafunction ("lpm_divide") from the following logic: "alu:ALU_uut|Div0" File: S:/cpet342/Labs/Lab6.2/src/ALU.vhd Line: 37
Info (12130): Elaborated megafunction instantiation "alu:ALU_uut|lpm_divide:Div0" File: S:/cpet342/Labs/Lab6.2/src/ALU.vhd Line: 37
Info (12133): Instantiated megafunction "alu:ALU_uut|lpm_divide:Div0" with the following parameter: File: S:/cpet342/Labs/Lab6.2/src/ALU.vhd Line: 37
    Info (12134): Parameter "LPM_WIDTHN" = "16"
    Info (12134): Parameter "LPM_WIDTHD" = "16"
    Info (12134): Parameter "LPM_NREPRESENTATION" = "UNSIGNED"
    Info (12134): Parameter "LPM_DREPRESENTATION" = "UNSIGNED"
Info (12021): Found 1 design units, including 1 entities, in source file db/lpm_divide_7dm.tdf
    Info (12023): Found entity 1: lpm_divide_7dm File: S:/cpet342/Labs/Lab6.2/hw/project/db/lpm_divide_7dm.tdf Line: 25
Info (12021): Found 1 design units, including 1 entities, in source file db/sign_div_unsign_dnh.tdf
    Info (12023): Found entity 1: sign_div_unsign_dnh File: S:/cpet342/Labs/Lab6.2/hw/project/db/sign_div_unsign_dnh.tdf Line: 25
Info (12021): Found 1 design units, including 1 entities, in source file db/alt_u_div_03f.tdf
    Info (12023): Found entity 1: alt_u_div_03f File: S:/cpet342/Labs/Lab6.2/hw/project/db/alt_u_div_03f.tdf Line: 23
Warning (13012): Latch addr[0] has unsafe behavior File: S:/cpet342/Labs/Lab6.2/src/top_level.vhd Line: 231
    Warning (13013): Ports D and ENA on the latch are fed by the same signal state_reg[2] File: S:/cpet342/Labs/Lab6.2/src/top_level.vhd Line: 224
Warning (13012): Latch write_enable has unsafe behavior File: S:/cpet342/Labs/Lab6.2/src/top_level.vhd Line: 48
    Warning (13013): Ports D and ENA on the latch are fed by the same signal state_reg[3] File: S:/cpet342/Labs/Lab6.2/src/top_level.vhd Line: 224
Info (286030): Timing-Driven Synthesis is running
Info (17049): 16 registers lost all their fanouts during netlist optimizations.
Info (16010): Generating hard_block partition "hard_block:auto_generated_inst"
    Info (16011): Adding 0 node(s), including 0 DDIO, 0 PLL, 0 transceiver and 0 LCELL
Info (21057): Implemented 483 device resources after synthesis - the final resource count might be different
    Info (21058): Implemented 15 input pins
    Info (21059): Implemented 26 output pins
    Info (21061): Implemented 441 logic cells
    Info (21062): Implemented 1 DSP elements
Info: Quartus Prime Analysis & Synthesis was successful. 0 errors, 7 warnings
    Info: Peak virtual memory: 761 megabytes
    Info: Processing ended: Mon Nov 20 13:37:47 2017
    Info: Elapsed time: 00:00:13
    Info: Total CPU time (on all processors): 00:00:23


