Flow report for top_level
Mon Nov 20 13:38:49 2017
Quartus Prime Version 16.1.0 Build 196 10/24/2016 SJ Standard Edition


---------------------
; Table of Contents ;
---------------------
  1. Legal Notice
  2. Flow Summary
  3. Flow Settings
  4. Flow Non-Default Global Settings
  5. Flow Elapsed Time
  6. Flow OS Summary
  7. Flow Log
  8. Flow Messages
  9. Flow Suppressed Messages



----------------
; Legal Notice ;
----------------
Copyright (C) 2016  Intel Corporation. All rights reserved.
Your use of Intel Corporation's design tools, logic functions 
and other software and tools, and its AMPP partner logic 
functions, and any output files from any of the foregoing 
(including device programming or simulation files), and any 
associated documentation or information are expressly subject 
to the terms and conditions of the Intel Program License 
Subscription Agreement, the Intel Quartus Prime License Agreement,
the Intel MegaCore Function License Agreement, or other 
applicable license agreement, including, without limitation, 
that your use is for the sole purpose of programming logic 
devices manufactured by Intel and sold by Intel or its 
authorized distributors.  Please refer to the applicable 
agreement for further details.



+-----------------------------------------------------------------------------------+
; Flow Summary                                                                      ;
+---------------------------------+-------------------------------------------------+
; Flow Status                     ; Successful - Mon Nov 20 13:38:42 2017           ;
; Quartus Prime Version           ; 16.1.0 Build 196 10/24/2016 SJ Standard Edition ;
; Revision Name                   ; top_level                                       ;
; Top-level Entity Name           ; top_level                                       ;
; Family                          ; Cyclone V                                       ;
; Device                          ; 5CSEMA5F31C6                                    ;
; Timing Models                   ; Final                                           ;
; Logic utilization (in ALMs)     ; 203 / 32,070 ( < 1 % )                          ;
; Total registers                 ; 109                                             ;
; Total pins                      ; 41 / 457 ( 9 % )                                ;
; Total virtual pins              ; 0                                               ;
; Total block memory bits         ; 0 / 4,065,280 ( 0 % )                           ;
; Total DSP Blocks                ; 1 / 87 ( 1 % )                                  ;
; Total HSSI RX PCSs              ; 0                                               ;
; Total HSSI PMA RX Deserializers ; 0                                               ;
; Total HSSI TX PCSs              ; 0                                               ;
; Total HSSI PMA TX Serializers   ; 0                                               ;
; Total PLLs                      ; 0 / 6 ( 0 % )                                   ;
; Total DLLs                      ; 0 / 4 ( 0 % )                                   ;
+---------------------------------+-------------------------------------------------+


+-----------------------------------------+
; Flow Settings                           ;
+-------------------+---------------------+
; Option            ; Setting             ;
+-------------------+---------------------+
; Start date & time ; 11/20/2017 13:37:34 ;
; Main task         ; Compilation         ;
; Revision Name     ; top_level           ;
+-------------------+---------------------+


+------------------------------------------------------------------------------------------------------+
; Flow Non-Default Global Settings                                                                     ;
+--------------------------+--------------------------------+---------------+-------------+------------+
; Assignment Name          ; Value                          ; Default Value ; Entity Name ; Section Id ;
+--------------------------+--------------------------------+---------------+-------------+------------+
; COMPILER_SIGNATURE_ID    ; 26830024664787.151120305411492 ; --            ; --          ; --         ;
; PROJECT_OUTPUT_DIRECTORY ; ../output_files                ; --            ; --          ; --         ;
+--------------------------+--------------------------------+---------------+-------------+------------+


+-------------------------------------------------------------------------------------------------------------------------------+
; Flow Elapsed Time                                                                                                             ;
+---------------------------+--------------+-------------------------+---------------------+------------------------------------+
; Module Name               ; Elapsed Time ; Average Processors Used ; Peak Virtual Memory ; Total CPU Time (on all processors) ;
+---------------------------+--------------+-------------------------+---------------------+------------------------------------+
; Analysis & Synthesis      ; 00:00:12     ; 1.0                     ; 761 MB              ; 00:00:22                           ;
; Fitter                    ; 00:00:41     ; 1.0                     ; 2570 MB             ; 00:01:09                           ;
; Assembler                 ; 00:00:10     ; 1.0                     ; 723 MB              ; 00:00:06                           ;
; TimeQuest Timing Analyzer ; 00:00:06     ; 1.2                     ; 1037 MB             ; 00:00:06                           ;
; Total                     ; 00:01:09     ; --                      ; --                  ; 00:01:43                           ;
+---------------------------+--------------+-------------------------+---------------------+------------------------------------+


+-----------------------------------------------------------------------------------------+
; Flow OS Summary                                                                         ;
+---------------------------+------------------+------------+------------+----------------+
; Module Name               ; Machine Hostname ; OS Name    ; OS Version ; Processor type ;
+---------------------------+------------------+------------+------------+----------------+
; Analysis & Synthesis      ; ECTET-1360-08    ; Windows 10 ; 10.0       ; x86_64         ;
; Fitter                    ; ECTET-1360-08    ; Windows 10 ; 10.0       ; x86_64         ;
; Assembler                 ; ECTET-1360-08    ; Windows 10 ; 10.0       ; x86_64         ;
; TimeQuest Timing Analyzer ; ECTET-1360-08    ; Windows 10 ; 10.0       ; x86_64         ;
+---------------------------+------------------+------------+------------+----------------+


------------
; Flow Log ;
------------
quartus_map --read_settings_files=on --write_settings_files=off top_level -c top_level
quartus_fit --read_settings_files=off --write_settings_files=off top_level -c top_level
quartus_asm --read_settings_files=off --write_settings_files=off top_level -c top_level
quartus_sta top_level -c top_level



