Info: Starting: Create block symbol file (.bsf)
Info: qsys-generate S:\CPET-561\Arbitration_Demo\Part_2\HW\nios_system.qsys --block-symbol-file --output-directory=S:\CPET-561\Arbitration_Demo\Part_2\HW\nios_system --family="Cyclone V" --part=5CSEMA5F31C6
Progress: Loading HW/nios_system.qsys
Progress: Reading input file
Progress: Adding clk_0 [clock_source 17.0]
Progress: Parameterizing module clk_0
Progress: Adding jtag_uart_0 [altera_avalon_jtag_uart 17.0]
Progress: Parameterizing module jtag_uart_0
Progress: Adding jtag_uart_1 [altera_avalon_jtag_uart 17.0]
Progress: Parameterizing module jtag_uart_1
Progress: Adding nios2_gen2_0 [altera_nios2_gen2 17.0]
Progress: Parameterizing module nios2_gen2_0
Progress: Adding nios2_gen2_1 [altera_nios2_gen2 17.0]
Progress: Parameterizing module nios2_gen2_1
Progress: Adding onchip_memory2_0 [altera_avalon_onchip_memory2 17.0]
Progress: Parameterizing module onchip_memory2_0
Progress: Adding onchip_memory2_1 [altera_avalon_onchip_memory2 17.0]
Progress: Parameterizing module onchip_memory2_1
Progress: Adding sysid_qsys_0 [altera_avalon_sysid_qsys 17.0]
Progress: Parameterizing module sysid_qsys_0
Progress: Adding to_external_bus_bridge_0 [altera_up_avalon_to_external_bus_bridge 17.0]
Progress: Parameterizing module to_external_bus_bridge_0
Progress: Adding to_external_bus_bridge_1 [altera_up_avalon_to_external_bus_bridge 17.0]
Progress: Parameterizing module to_external_bus_bridge_1
Progress: Building connections
Progress: Parameterizing connections
Progress: Validating
Progress: Done reading input file
Info: nios_system.jtag_uart_0: JTAG UART IP input clock need to be at least double (2x) the operating frequency of JTAG TCK on board
Info: nios_system.jtag_uart_1: JTAG UART IP input clock need to be at least double (2x) the operating frequency of JTAG TCK on board
Info: nios_system.sysid_qsys_0: System ID is not assigned automatically. Edit the System ID parameter to provide a unique ID
Info: nios_system.sysid_qsys_0: Time stamp will be automatically updated when this component is generated.
Info: qsys-generate succeeded.
Info: Finished: Create block symbol file (.bsf)
Info: 
Info: Starting: Create HDL design files for synthesis
Info: qsys-generate S:\CPET-561\Arbitration_Demo\Part_2\HW\nios_system.qsys --synthesis=VHDL --output-directory=S:\CPET-561\Arbitration_Demo\Part_2\HW\nios_system\synthesis --family="Cyclone V" --part=5CSEMA5F31C6
Progress: Loading HW/nios_system.qsys
Progress: Reading input file
Progress: Adding clk_0 [clock_source 17.0]
Progress: Parameterizing module clk_0
Progress: Adding jtag_uart_0 [altera_avalon_jtag_uart 17.0]
Progress: Parameterizing module jtag_uart_0
Progress: Adding jtag_uart_1 [altera_avalon_jtag_uart 17.0]
Progress: Parameterizing module jtag_uart_1
Progress: Adding nios2_gen2_0 [altera_nios2_gen2 17.0]
Progress: Parameterizing module nios2_gen2_0
Progress: Adding nios2_gen2_1 [altera_nios2_gen2 17.0]
Progress: Parameterizing module nios2_gen2_1
Progress: Adding onchip_memory2_0 [altera_avalon_onchip_memory2 17.0]
Progress: Parameterizing module onchip_memory2_0
Progress: Adding onchip_memory2_1 [altera_avalon_onchip_memory2 17.0]
Progress: Parameterizing module onchip_memory2_1
Progress: Adding sysid_qsys_0 [altera_avalon_sysid_qsys 17.0]
Progress: Parameterizing module sysid_qsys_0
Progress: Adding to_external_bus_bridge_0 [altera_up_avalon_to_external_bus_bridge 17.0]
Progress: Parameterizing module to_external_bus_bridge_0
Progress: Adding to_external_bus_bridge_1 [altera_up_avalon_to_external_bus_bridge 17.0]
Progress: Parameterizing module to_external_bus_bridge_1
Progress: Building connections
Progress: Parameterizing connections
Progress: Validating
Progress: Done reading input file
Info: nios_system.jtag_uart_0: JTAG UART IP input clock need to be at least double (2x) the operating frequency of JTAG TCK on board
Info: nios_system.jtag_uart_1: JTAG UART IP input clock need to be at least double (2x) the operating frequency of JTAG TCK on board
Info: nios_system.sysid_qsys_0: System ID is not assigned automatically. Edit the System ID parameter to provide a unique ID
Info: nios_system.sysid_qsys_0: Time stamp will be automatically updated when this component is generated.
Info: nios_system: Generating nios_system "nios_system" for QUARTUS_SYNTH
Error: Generation stopped, 1 or more modules remaining
Info: nios_system: Done "nios_system" with 1 modules, 0 files
Error: qsys-generate failed with exit code 1: 1 Error, 0 Warnings
Info: Stopping: Create HDL design files for synthesis
