23:03:38 **** Incremental Build of configuration Nios II for project nios_system ****
make all 
Info: Building ../nios_system_bsp/
C:/intelFPGA/17.0/nios2eds/bin/gnu/H-x86_64-mingw32/bin/make --no-print-directory -C ../nios_system_bsp/
[BSP build complete]
Info: Compiling Arbitration_part1.c to obj/default/Arbitration_part1.o
nios2-elf-gcc -xc -MP -MMD -c -I../nios_system_bsp//HAL/inc -I../nios_system_bsp/ -I../nios_system_bsp//drivers/inc  -pipe -D__hal__ -DALT_NO_C_PLUS_PLUS -DALT_NO_INSTRUCTION_EMULATION -DALT_USE_SMALL_DRIVERS -DSMALL_C_LIB -DALT_SINGLE_THREADED    -O0 -g -Wall   -mno-hw-div -mno-hw-mul -mno-hw-mulx -mgpopt=global  -o obj/default/Arbitration_part1.o Arbitration_part1.c
Arbitration_part1.c: In function 'main':
Arbitration_part1.c:97:9: warning: unused variable 'fail' [-Wunused-variable]
   uint8 fail = 0;
         ^
Info: Linking nios_system.elf
nios2-elf-g++  -T'../nios_system_bsp//linker.x' -msys-crt0='../nios_system_bsp//obj/HAL/src/crt0.o' -msys-lib=hal_bsp -L../nios_system_bsp/  -msmallc  -Wl,-Map=nios_system.map   -O0 -g -Wall   -mno-hw-div -mno-hw-mul -mno-hw-mulx -mgpopt=global  -o nios_system.elf obj/default/Arbitration_part1.o -lm -msys-lib=m
nios2-elf-insert nios_system.elf --thread_model hal --cpu_name nios2_gen2_0 --qsys true --simulation_enabled false --id 173 --sidp 0x1810 --timestamp 1555467743 --stderr_dev jtag_uart_0 --stdin_dev jtag_uart_0 --stdout_dev jtag_uart_0 --sopc_system_name nios_system --quartus_project_dir "S:/CPET-561/Arbitration_Demo/Part_1/HW" --jdi ../..//output_files/Part_1.jdi --sopcinfo S:/CPET-561/Arbitration_Demo/Part_1/HW/software/nios_system_bsp/../../nios_system.sopcinfo
Info: (nios_system.elf) 5220 Bytes program size (code + initialized data).
Info:                   26 KBytes free for stack + heap.
Info: Creating nios_system.objdump
nios2-elf-objdump --disassemble --syms --all-header --source nios_system.elf >nios_system.objdump
[nios_system build complete]
23:04:33 **** Incremental Build of configuration Nios II for project nios_system ****
make all 
Info: Building ../nios_system_bsp/
C:/intelFPGA/17.0/nios2eds/bin/gnu/H-x86_64-mingw32/bin/make --no-print-directory -C ../nios_system_bsp/
[BSP build complete]
[nios_system build complete]
